09:24:39 [background-preinit] INFO  org.hibernate.validator.internal.util.Version - HV000001: Hibernate Validator 6.2.2.Final
09:24:39 [main] INFO  com.er.Application - Starting Application using Java 1.8.0_321 on Ryuusei with PID 3632 (F:\IDEA-WSP\MaSteelTools\target\classes started by Ryuusei in F:\IDEA-WSP\MaSteelTools)
09:24:39 [main] INFO  com.er.Application - No active profile set, falling back to 1 default profile: "default"
09:24:40 [main] INFO  org.springframework.data.repository.config.RepositoryConfigurationDelegate - Multiple Spring Data modules found, entering strict repository configuration mode!
09:24:40 [main] INFO  org.springframework.data.repository.config.RepositoryConfigurationDelegate - Bootstrapping Spring Data Redis repositories in DEFAULT mode.
09:24:40 [main] INFO  org.springframework.data.repository.config.RepositoryConfigurationDelegate - Finished Spring Data repository scanning in 16 ms. Found 0 Redis repository interfaces.
09:24:40 [main] INFO  org.springframework.boot.web.embedded.tomcat.TomcatWebServer - Tomcat initialized with port(s): 8700 (http)
09:24:40 [main] INFO  org.apache.coyote.http11.Http11NioProtocol - Initializing ProtocolHandler ["http-nio-8700"]
09:24:40 [main] INFO  org.apache.catalina.core.StandardService - Starting service [Tomcat]
09:24:40 [main] INFO  org.apache.catalina.core.StandardEngine - Starting Servlet engine: [Apache Tomcat/9.0.58]
09:24:40 [main] INFO  org.apache.catalina.core.ContainerBase.[Tomcat].[localhost].[/] - Initializing Spring embedded WebApplicationContext
09:24:40 [main] INFO  org.springframework.boot.web.servlet.context.ServletWebServerApplicationContext - Root WebApplicationContext: initialization completed in 1170 ms
09:24:40 [main] INFO  com.alibaba.druid.spring.boot.autoconfigure.DruidDataSourceAutoConfigure - Init DruidDataSource
09:24:42 [main] INFO  com.alibaba.druid.pool.DruidDataSource - {dataSource-1} inited
09:24:42 [main] INFO  org.apache.coyote.http11.Http11NioProtocol - Starting ProtocolHandler ["http-nio-8700"]
09:24:42 [main] INFO  org.springframework.boot.web.embedded.tomcat.TomcatWebServer - Tomcat started on port(s): 8700 (http) with context path ''
09:24:42 [main] INFO  com.er.Application - Started Application in 3.793 seconds (JVM running for 4.929)
09:25:59 [background-preinit] INFO  org.hibernate.validator.internal.util.Version - HV000001: Hibernate Validator 6.2.2.Final
09:25:59 [main] INFO  com.er.Application - Starting Application using Java 1.8.0_321 on Ryuusei with PID 20584 (F:\IDEA-WSP\MaSteelTools\target\classes started by Ryuusei in F:\IDEA-WSP\MaSteelTools)
09:25:59 [main] INFO  com.er.Application - No active profile set, falling back to 1 default profile: "default"
09:26:00 [main] INFO  org.springframework.data.repository.config.RepositoryConfigurationDelegate - Multiple Spring Data modules found, entering strict repository configuration mode!
09:26:00 [main] INFO  org.springframework.data.repository.config.RepositoryConfigurationDelegate - Bootstrapping Spring Data Redis repositories in DEFAULT mode.
09:26:00 [main] INFO  org.springframework.data.repository.config.RepositoryConfigurationDelegate - Finished Spring Data repository scanning in 16 ms. Found 0 Redis repository interfaces.
09:26:00 [main] INFO  org.springframework.boot.web.embedded.tomcat.TomcatWebServer - Tomcat initialized with port(s): 8700 (http)
09:26:00 [main] INFO  org.apache.coyote.http11.Http11NioProtocol - Initializing ProtocolHandler ["http-nio-8700"]
09:26:00 [main] INFO  org.apache.catalina.core.StandardService - Starting service [Tomcat]
09:26:00 [main] INFO  org.apache.catalina.core.StandardEngine - Starting Servlet engine: [Apache Tomcat/9.0.58]
09:26:00 [main] INFO  org.apache.catalina.core.ContainerBase.[Tomcat].[localhost].[/] - Initializing Spring embedded WebApplicationContext
09:26:00 [main] INFO  org.springframework.boot.web.servlet.context.ServletWebServerApplicationContext - Root WebApplicationContext: initialization completed in 993 ms
09:26:00 [main] INFO  com.alibaba.druid.spring.boot.autoconfigure.DruidDataSourceAutoConfigure - Init DruidDataSource
09:26:00 [main] INFO  com.alibaba.druid.pool.DruidDataSource - {dataSource-1} inited
09:26:01 [main] INFO  org.apache.coyote.http11.Http11NioProtocol - Starting ProtocolHandler ["http-nio-8700"]
09:26:01 [main] INFO  org.springframework.boot.web.embedded.tomcat.TomcatWebServer - Tomcat started on port(s): 8700 (http) with context path ''
09:26:01 [main] INFO  com.er.Application - Started Application in 2.359 seconds (JVM running for 3.381)
09:38:43 [http-nio-8700-exec-1] INFO  org.apache.catalina.core.ContainerBase.[Tomcat].[localhost].[/] - Initializing Spring DispatcherServlet 'dispatcherServlet'
09:38:43 [http-nio-8700-exec-1] INFO  org.springframework.web.servlet.DispatcherServlet - Initializing Servlet 'dispatcherServlet'
09:38:43 [http-nio-8700-exec-1] INFO  org.springframework.web.servlet.DispatcherServlet - Completed initialization in 1 ms
09:38:43 [http-nio-8700-exec-1] WARN  com.alibaba.druid.pool.DruidAbstractDataSource - discard long time none received connection. , jdbcUrl : jdbc:mysql://localhost:3306/matools?useUnicode=true&characterEncoding=utf8&serverTimezone=Asia/Shanghai, version : 1.2.8, lastPacketReceivedIdleMillis : 762712
09:38:43 [http-nio-8700-exec-1] WARN  com.alibaba.druid.pool.DruidAbstractDataSource - discard long time none received connection. , jdbcUrl : jdbc:mysql://localhost:3306/matools?useUnicode=true&characterEncoding=utf8&serverTimezone=Asia/Shanghai, version : 1.2.8, lastPacketReceivedIdleMillis : 762725
09:38:43 [http-nio-8700-exec-1] WARN  com.alibaba.druid.pool.DruidAbstractDataSource - discard long time none received connection. , jdbcUrl : jdbc:mysql://localhost:3306/matools?useUnicode=true&characterEncoding=utf8&serverTimezone=Asia/Shanghai, version : 1.2.8, lastPacketReceivedIdleMillis : 762727
09:38:43 [http-nio-8700-exec-1] WARN  com.alibaba.druid.pool.DruidAbstractDataSource - discard long time none received connection. , jdbcUrl : jdbc:mysql://localhost:3306/matools?useUnicode=true&characterEncoding=utf8&serverTimezone=Asia/Shanghai, version : 1.2.8, lastPacketReceivedIdleMillis : 762729
09:38:43 [http-nio-8700-exec-1] WARN  com.alibaba.druid.pool.DruidAbstractDataSource - discard long time none received connection. , jdbcUrl : jdbc:mysql://localhost:3306/matools?useUnicode=true&characterEncoding=utf8&serverTimezone=Asia/Shanghai, version : 1.2.8, lastPacketReceivedIdleMillis : 762732
09:38:43 [http-nio-8700-exec-1] WARN  com.alibaba.druid.pool.DruidAbstractDataSource - discard long time none received connection. , jdbcUrl : jdbc:mysql://localhost:3306/matools?useUnicode=true&characterEncoding=utf8&serverTimezone=Asia/Shanghai, version : 1.2.8, lastPacketReceivedIdleMillis : 762735
09:38:43 [http-nio-8700-exec-1] WARN  com.alibaba.druid.pool.DruidAbstractDataSource - discard long time none received connection. , jdbcUrl : jdbc:mysql://localhost:3306/matools?useUnicode=true&characterEncoding=utf8&serverTimezone=Asia/Shanghai, version : 1.2.8, lastPacketReceivedIdleMillis : 762738
09:38:43 [http-nio-8700-exec-1] WARN  com.alibaba.druid.pool.DruidAbstractDataSource - discard long time none received connection. , jdbcUrl : jdbc:mysql://localhost:3306/matools?useUnicode=true&characterEncoding=utf8&serverTimezone=Asia/Shanghai, version : 1.2.8, lastPacketReceivedIdleMillis : 762739
09:38:43 [http-nio-8700-exec-1] WARN  com.alibaba.druid.pool.DruidAbstractDataSource - discard long time none received connection. , jdbcUrl : jdbc:mysql://localhost:3306/matools?useUnicode=true&characterEncoding=utf8&serverTimezone=Asia/Shanghai, version : 1.2.8, lastPacketReceivedIdleMillis : 762741
09:38:43 [http-nio-8700-exec-1] WARN  com.alibaba.druid.pool.DruidAbstractDataSource - discard long time none received connection. , jdbcUrl : jdbc:mysql://localhost:3306/matools?useUnicode=true&characterEncoding=utf8&serverTimezone=Asia/Shanghai, version : 1.2.8, lastPacketReceivedIdleMillis : 762745
